[23-Mar-2019 21:48:57 UTC] PHP Fatal error:  Uncaught exception 'PDOException' with message 'SQLSTATE[42S02]: Base table or view not found: 1146 Table 'ottermart.om_category' doesn't exist' in /home/ubuntu/workspace/cst336/labs/lab6/api/getCatagories.php:6
Stack trace:
#0 /home/ubuntu/workspace/cst336/labs/lab6/api/getCatagories.php(6): PDOStatement->execute()
#1 {main}
  thrown in /home/ubuntu/workspace/cst336/labs/lab6/api/getCatagories.php on line 6
[23-Mar-2019 21:50:45 UTC] PHP Fatal error:  Uncaught exception 'PDOException' with message 'SQLSTATE[42S02]: Base table or view not found: 1146 Table 'ottermart.om_category' doesn't exist' in /home/ubuntu/workspace/cst336/labs/lab6/api/getCatagories.php:6
Stack trace:
#0 /home/ubuntu/workspace/cst336/labs/lab6/api/getCatagories.php(6): PDOStatement->execute()
#1 {main}
  thrown in /home/ubuntu/workspace/cst336/labs/lab6/api/getCatagories.php on line 6
[23-Mar-2019 21:56:59 UTC] PHP Fatal error:  Uncaught exception 'PDOException' with message 'SQLSTATE[42S02]: Base table or view not found: 1146 Table 'ottermart.om_category' doesn't exist' in /home/ubuntu/workspace/cst336/labs/lab6/api/getCatagories.php:6
Stack trace:
#0 /home/ubuntu/workspace/cst336/labs/lab6/api/getCatagories.php(6): PDOStatement->execute()
#1 {main}
  thrown in /home/ubuntu/workspace/cst336/labs/lab6/api/getCatagories.php on line 6
[23-Mar-2019 21:58:22 UTC] PHP Warning:  include(../../../../inc/dbConnection.php): failed to open stream: No such file or directory in /home/ubuntu/workspace/cst336/labs/lab6/api/getCatagories.php on line 2
[23-Mar-2019 21:58:22 UTC] PHP Stack trace:
[23-Mar-2019 21:58:22 UTC] PHP   1. {main}() /home/ubuntu/workspace/cst336/labs/lab6/api/getCatagories.php:0
[23-Mar-2019 21:58:22 UTC] PHP Warning:  include(): Failed opening '../../../../inc/dbConnection.php' for inclusion (include_path='.:/usr/share/php:/usr/share/pear') in /home/ubuntu/workspace/cst336/labs/lab6/api/getCatagories.php on line 2
[23-Mar-2019 21:58:22 UTC] PHP Stack trace:
[23-Mar-2019 21:58:22 UTC] PHP   1. {main}() /home/ubuntu/workspace/cst336/labs/lab6/api/getCatagories.php:0
[23-Mar-2019 21:58:22 UTC] PHP Fatal error:  Call to undefined function getDatabaseConnection() in /home/ubuntu/workspace/cst336/labs/lab6/api/getCatagories.php on line 3
[23-Mar-2019 21:58:22 UTC] PHP Stack trace:
[23-Mar-2019 21:58:22 UTC] PHP   1. {main}() /home/ubuntu/workspace/cst336/labs/lab6/api/getCatagories.php:0
[23-Mar-2019 21:58:41 UTC] PHP Fatal error:  Uncaught exception 'PDOException' with message 'SQLSTATE[42S02]: Base table or view not found: 1146 Table 'ottermart.om_category' doesn't exist' in /home/ubuntu/workspace/cst336/labs/lab6/api/getCatagories.php:6
Stack trace:
#0 /home/ubuntu/workspace/cst336/labs/lab6/api/getCatagories.php(6): PDOStatement->execute()
#1 {main}
  thrown in /home/ubuntu/workspace/cst336/labs/lab6/api/getCatagories.php on line 6
[13-Apr-2019 20:31:36 UTC] PHP Fatal error:  Uncaught exception 'PDOException' with message 'SQLSTATE[42S02]: Base table or view not found: 1146 Table 'ottermart.om_category' doesn't exist' in /home/ubuntu/workspace/cst336/labs/lab6/api/getCategories.php:6
Stack trace:
#0 /home/ubuntu/workspace/cst336/labs/lab6/api/getCategories.php(6): PDOStatement->execute()
#1 {main}
  thrown in /home/ubuntu/workspace/cst336/labs/lab6/api/getCategories.php on line 6
[13-Apr-2019 20:38:17 UTC] PHP Fatal error:  Uncaught exception 'PDOException' with message 'SQLSTATE[42S02]: Base table or view not found: 1146 Table 'ottermart.om_category' doesn't exist' in /home/ubuntu/workspace/cst336/labs/lab6/api/getCategories.php:6
Stack trace:
#0 /home/ubuntu/workspace/cst336/labs/lab6/api/getCategories.php(6): PDOStatement->execute()
#1 {main}
  thrown in /home/ubuntu/workspace/cst336/labs/lab6/api/getCategories.php on line 6
[13-Apr-2019 20:38:25 UTC] PHP Fatal error:  Uncaught exception 'PDOException' with message 'SQLSTATE[42S02]: Base table or view not found: 1146 Table 'ottermart.om_category' doesn't exist' in /home/ubuntu/workspace/cst336/labs/lab6/api/getCategories.php:6
Stack trace:
#0 /home/ubuntu/workspace/cst336/labs/lab6/api/getCategories.php(6): PDOStatement->execute()
#1 {main}
  thrown in /home/ubuntu/workspace/cst336/labs/lab6/api/getCategories.php on line 6
[13-Apr-2019 20:41:46 UTC] PHP Fatal error:  Uncaught exception 'PDOException' with message 'SQLSTATE[42S02]: Base table or view not found: 1146 Table 'ottermart.om_category' doesn't exist' in /home/ubuntu/workspace/cst336/labs/lab6/api/getCategories.php:6
Stack trace:
#0 /home/ubuntu/workspace/cst336/labs/lab6/api/getCategories.php(6): PDOStatement->execute()
#1 {main}
  thrown in /home/ubuntu/workspace/cst336/labs/lab6/api/getCategories.php on line 6
[13-Apr-2019 20:42:15 UTC] PHP Fatal error:  Uncaught exception 'PDOException' with message 'SQLSTATE[42S02]: Base table or view not found: 1146 Table 'ottermart.om_category' doesn't exist' in /home/ubuntu/workspace/cst336/labs/lab6/api/getCategories.php:6
Stack trace:
#0 /home/ubuntu/workspace/cst336/labs/lab6/api/getCategories.php(6): PDOStatement->execute()
#1 {main}
  thrown in /home/ubuntu/workspace/cst336/labs/lab6/api/getCategories.php on line 6
[13-Apr-2019 20:43:40 UTC] PHP Fatal error:  Uncaught exception 'PDOException' with message 'SQLSTATE[42S02]: Base table or view not found: 1146 Table 'ottermart.om_category' doesn't exist' in /home/ubuntu/workspace/cst336/labs/lab6/api/getCategories.php:6
Stack trace:
#0 /home/ubuntu/workspace/cst336/labs/lab6/api/getCategories.php(6): PDOStatement->execute()
#1 {main}
  thrown in /home/ubuntu/workspace/cst336/labs/lab6/api/getCategories.php on line 6
